0 verbose cli [
0 verbose cli   '/Users/alexvelazquez/.nvm/versions/node/v14.0.0/bin/node',
0 verbose cli   '/Users/alexvelazquez/.nvm/versions/node/v14.0.0/bin/npm',
0 verbose cli   'start'
0 verbose cli ]
1 info using npm@7.6.3
2 info using node@v14.0.0
3 timing config:load:defaults Completed in 1ms
4 timing config:load:file:/Users/alexvelazquez/.nvm/versions/node/v14.0.0/lib/node_modules/npm/npmrc Completed in 1ms
5 timing config:load:builtin Completed in 1ms
6 timing config:load:cli Completed in 1ms
7 timing config:load:env Completed in 0ms
8 timing config:load:project Completed in 1ms
9 timing config:load:file:/Users/alexvelazquez/.npmrc Completed in 0ms
10 timing config:load:user Completed in 0ms
11 timing config:load:file:/Users/alexvelazquez/.nvm/versions/node/v14.0.0/etc/npmrc Completed in 0ms
12 timing config:load:global Completed in 0ms
13 timing config:load:cafile Completed in 0ms
14 timing config:load:validate Completed in 0ms
15 timing config:load:setUserAgent Completed in 1ms
16 timing config:load:setEnvs Completed in 0ms
17 timing config:load Completed in 5ms
18 verbose npm-session fddc5f7cf1275218
19 timing npm:load Completed in 11ms
20 timing command:run-script Completed in 1ms
21 timing command:start Completed in 6ms
22 verbose stack Error: missing script: start
22 verbose stack     at RunScript.run (/Users/alexvelazquez/.nvm/versions/node/v14.0.0/lib/node_modules/npm/lib/run-script.js:72:13)
23 verbose cwd /Users/alexvelazquez/Development/code/expenses-application/expenses-backend
24 verbose Darwin 20.3.0
25 verbose argv "/Users/alexvelazquez/.nvm/versions/node/v14.0.0/bin/node" "/Users/alexvelazquez/.nvm/versions/node/v14.0.0/bin/npm" "start"
26 verbose node v14.0.0
27 verbose npm  v7.6.3
28 error missing script: start
29 verbose exit 1
